This file contains any messages produced by compilers while
running configure, to aid debugging if configure makes a mistake.

It was created by AIOS configure 2020-11-11, which was
generated by GNU Autoconf 2.69.  Invocation command line was

  $ ./configure --no-create --no-recursion

## --------- ##
## Platform. ##
## --------- ##

hostname = faozi.tech
uname -m = x86_64
uname -r = 5.4.0-31-generic
uname -s = Linux
uname -v = #35-Ubuntu SMP Thu May 7 20:20:34 UTC 2020

/usr/bin/uname -p = x86_64
/bin/uname -X     = unknown

/bin/arch              = x86_64
/usr/bin/arch -k       = unknown
/usr/convex/getsysinfo = unknown
/usr/bin/hostinfo      = unknown
/bin/machine           = unknown
/usr/bin/oslevel       = unknown
/bin/universe          = unknown

PATH: /usr/local/sbin
PATH: /usr/local/bin
PATH: /usr/sbin
PATH: /usr/bin
PATH: /sbin
PATH: /bin
PATH: /usr/games
PATH: /usr/local/games
PATH: /snap/bin


## ----------- ##
## Core tests. ##
## ----------- ##

configure:2345: checking for a BSD-compatible install
configure:2413: result: /usr/bin/install -c
configure:2424: checking whether build environment is sane
configure:2479: result: yes
configure:2628: checking for a thread-safe mkdir -p
configure:2667: result: /usr/bin/mkdir -p
configure:2674: checking for gawk
configure:2704: result: no
configure:2674: checking for mawk
configure:2690: found /usr/bin/mawk
configure:2701: result: mawk
configure:2712: checking whether make sets $(MAKE)
configure:2734: result: yes
configure:2763: checking whether make supports nested variables
configure:2780: result: yes
configure:2869: checking whether UID '1000' is supported by ustar format
configure:2872: result: yes
configure:2879: checking whether GID '1000' is supported by ustar format
configure:2882: result: yes
configure:2890: checking how to create a ustar tar archive
configure:2901: tar --version
tar (GNU tar) 1.30
Copyright (C) 2017 Free Software Foundation, Inc.
License GPLv3+: GNU GPL version 3 or later <https://gnu.org/licenses/gpl.html>.
This is free software: you are free to change and redistribute it.
There is NO WARRANTY, to the extent permitted by law.

Written by John Gilmore and Jay Fenlason.
configure:2904: $? = 0
configure:2944: tardir=conftest.dir && eval tar --format=ustar -chf - "$tardir" >conftest.tar
configure:2947: $? = 0
configure:2951: tar -xf - <conftest.tar
configure:2954: $? = 0
configure:2956: cat conftest.dir/file
GrepMe
configure:2959: $? = 0
configure:2972: result: gnutar
configure:3023: checking whether to enable maintainer-specific portions of Makefiles
configure:3032: result: no
configure:3056: checking whether make supports nested variables
configure:3073: result: yes
configure:3089: checking whether make supports the include directive
configure:3104: make -f confmf.GNU && cat confinc.out
make[1]: Entering directory '/home/faoziaziz/dev/c-tester/aios'
make[1]: Leaving directory '/home/faoziaziz/dev/c-tester/aios'
this is the am__doit target
configure:3107: $? = 0
configure:3126: result: yes (GNU style)
configure:3196: checking for gcc
configure:3212: found /usr/bin/gcc
configure:3223: result: gcc
configure:3452: checking for C compiler version
configure:3461: gcc --version >&5
gcc (Ubuntu 9.3.0-17ubuntu1~20.04) 9.3.0
Copyright (C) 2019 Free Software Foundation, Inc.
This is free software; see the source for copying conditions.  There is NO
warranty; not even for MERCHANTABILITY or FITNESS FOR A PARTICULAR PURPOSE.

configure:3472: $? = 0
configure:3461: gcc -v >&5
Using built-in specs.
COLLECT_GCC=gcc
COLLECT_LTO_WRAPPER=/usr/lib/gcc/x86_64-linux-gnu/9/lto-wrapper
OFFLOAD_TARGET_NAMES=nvptx-none:hsa
OFFLOAD_TARGET_DEFAULT=1
Target: x86_64-linux-gnu
Configured with: ../src/configure -v --with-pkgversion='Ubuntu 9.3.0-17ubuntu1~20.04' --with-bugurl=file:///usr/share/doc/gcc-9/README.Bugs --enable-languages=c,ada,c++,go,brig,d,fortran,objc,obj-c++,gm2 --prefix=/usr --with-gcc-major-version-only --program-suffix=-9 --program-prefix=x86_64-linux-gnu- --enable-shared --enable-linker-build-id --libexecdir=/usr/lib --without-included-gettext --enable-threads=posix --libdir=/usr/lib --enable-nls --enable-clocale=gnu --enable-libstdcxx-debug --enable-libstdcxx-time=yes --with-default-libstdcxx-abi=new --enable-gnu-unique-object --disable-vtable-verify --enable-plugin --enable-default-pie --with-system-zlib --with-target-system-zlib=auto --enable-objc-gc=auto --enable-multiarch --disable-werror --with-arch-32=i686 --with-abi=m64 --with-multilib-list=m32,m64,mx32 --enable-multilib --with-tune=generic --enable-offload-targets=nvptx-none=/build/gcc-9-HskZEa/gcc-9-9.3.0/debian/tmp-nvptx/usr,hsa --without-cuda-driver --enable-checking=release --build=x86_64-linux-gnu --host=x86_64-linux-gnu --target=x86_64-linux-gnu
Thread model: posix
gcc version 9.3.0 (Ubuntu 9.3.0-17ubuntu1~20.04) 
configure:3472: $? = 0
configure:3461: gcc -V >&5
gcc: error: unrecognized command line option '-V'
gcc: fatal error: no input files
compilation terminated.
configure:3472: $? = 1
configure:3461: gcc -qversion >&5
gcc: error: unrecognized command line option '-qversion'; did you mean '--version'?
gcc: fatal error: no input files
compilation terminated.
configure:3472: $? = 1
configure:3492: checking whether the C compiler works
configure:3514: gcc    conftest.c  >&5
configure:3518: $? = 0
configure:3566: result: yes
configure:3569: checking for C compiler default output file name
configure:3571: result: a.out
configure:3577: checking for suffix of executables
configure:3584: gcc -o conftest    conftest.c  >&5
configure:3588: $? = 0
configure:3610: result: 
configure:3632: checking whether we are cross compiling
configure:3640: gcc -o conftest    conftest.c  >&5
configure:3644: $? = 0
configure:3651: ./conftest
configure:3655: $? = 0
configure:3643: result: no
configure:3648: checking for suffix of object files
configure:3670: gcc -c   conftest.c >&5
configure:3674: $? = 0
configure:3695: result: o
configure:3699: checking whether we are using the GNU C compiler
configure:3718: gcc -c   conftest.c >&5
configure:3718: $? = 0
configure:3727: result: yes
configure:3736: checking whether gcc accepts -g
configure:3756: gcc -c -g  conftest.c >&5
configure:3756: $? = 0
configure:3797: result: yes
configure:3814: checking for gcc option to accept ISO C89
configure:3877: gcc  -c -g -O2  conftest.c >&5
configure:3877: $? = 0
configure:3890: result: none needed
configure:3915: checking whether gcc understands -c and -o together
configure:3937: gcc -c conftest.c -o conftest2.o
configure:3940: $? = 0
configure:3937: gcc -c conftest.c -o conftest2.o
configure:3940: $? = 0
configure:3952: result: yes
configure:3971: checking dependency style of gcc
configure:4082: result: gcc3
configure:4147: checking for ar
configure:4163: found /usr/bin/ar
configure:4174: result: ar
configure:4200: checking the archiver (ar) interface
configure:4216: gcc -c -g -O2  conftest.c >&5
configure:4216: $? = 0
configure:4218: ar cru libconftest.a conftest.o >&5
ar: `u' modifier ignored since `D' is the default (see `U')
configure:4221: $? = 0
configure:4220: result: ar
configure:4271: checking build system type
configure:4285: result: x86_64-pc-linux-gnu
configure:4305: checking host system type
configure:4318: result: x86_64-pc-linux-gnu
configure:4359: checking how to print strings
configure:4386: result: printf
configure:4407: checking for a sed that does not truncate output
configure:4471: result: /usr/bin/sed
configure:4489: checking for grep that handles long lines and -e
configure:4547: result: /usr/bin/grep
configure:4552: checking for egrep
configure:4614: result: /usr/bin/grep -E
configure:4619: checking for fgrep
configure:4681: result: /usr/bin/grep -F
configure:4716: checking for ld used by gcc
configure:4783: result: /usr/bin/ld
configure:4790: checking if the linker (/usr/bin/ld) is GNU ld
configure:4805: result: yes
configure:4817: checking for BSD- or MS-compatible name lister (nm)
configure:4871: result: /usr/bin/nm -B
configure:5001: checking the name lister (/usr/bin/nm -B) interface
configure:5008: gcc -c -g -O2  conftest.c >&5
configure:5011: /usr/bin/nm -B "conftest.o"
configure:5014: output
0000000000000000 B some_variable
configure:5015: result: BSD nm
configure:5018: checking whether ln -s works
configure:5022: result: yes
configure:5030: checking the maximum length of command line arguments
configure:5161: result: 1572864
configure:5209: checking how to convert x86_64-pc-linux-gnu file names to x86_64-pc-linux-gnu format
configure:5249: result: func_convert_file_noop
configure:5256: checking how to convert x86_64-pc-linux-gnu file names to toolchain format
configure:5276: result: func_convert_file_noop
configure:5283: checking for /usr/bin/ld option to reload object files
configure:5290: result: -r
configure:5364: checking for objdump
configure:5380: found /usr/bin/objdump
configure:5391: result: objdump
configure:5423: checking how to recognize dependent libraries
configure:5623: result: pass_all
configure:5708: checking for dlltool
configure:5738: result: no
configure:5768: checking how to associate runtime and link libraries
configure:5795: result: printf %s\n
configure:5919: checking for archiver @FILE support
configure:5936: gcc -c -g -O2  conftest.c >&5
configure:5936: $? = 0
configure:5939: ar cr libconftest.a @conftest.lst >&5
configure:5942: $? = 0
configure:5947: ar cr libconftest.a @conftest.lst >&5
ar: conftest.o: No such file or directory
configure:5950: $? = 1
configure:5949: result: @
configure:6007: checking for strip
configure:6023: found /usr/bin/strip
configure:6034: result: strip
configure:6106: checking for ranlib
configure:6122: found /usr/bin/ranlib
configure:6133: result: ranlib
configure:6235: checking command to parse /usr/bin/nm -B output from gcc object
configure:6388: gcc -c -g -O2  conftest.c >&5
configure:6391: $? = 0
configure:6395: /usr/bin/nm -B conftest.o | sed -n -e 's/^.*[	 ]\([ABCDGIRSTW][ABCDGIRSTW]*\)[	 ][	 ]*\([_A-Za-z][_A-Za-z0-9]*\)$/\1 \2 \2/p' | sed '/ __gnu_lto/d' > conftest.nm
configure:6461: gcc -o conftest -g -O2   conftest.c conftstm.o >&5
configure:6464: $? = 0
configure:6502: result: ok
configure:6549: checking for sysroot
configure:6579: result: no
configure:6586: checking for a working dd
configure:6624: result: /usr/bin/dd
configure:6628: checking how to truncate binary pipes
configure:6643: result: /usr/bin/dd bs=4096 count=1
configure:6779: gcc -c -g -O2  conftest.c >&5
configure:6782: $? = 0
configure:6972: checking for mt
configure:6988: found /usr/bin/mt
configure:6999: result: mt
configure:7022: checking if mt is a manifest tool
configure:7028: mt '-?'
configure:7036: result: no
configure:7713: checking how to run the C preprocessor
configure:7744: gcc -E  conftest.c
configure:7744: $? = 0
configure:7758: gcc -E  conftest.c
conftest.c:11:10: fatal error: ac_nonexistent.h: No such file or directory
   11 | #include <ac_nonexistent.h>
      |          ^~~~~~~~~~~~~~~~~~
compilation terminated.
configure:7758: $? = 1
configure: failed program was:
| /* confdefs.h */
| #define PACKAGE_NAME "AIOS"
| #define PACKAGE_TARNAME "aios"
| #define PACKAGE_VERSION "2020-11-11"
| #define PACKAGE_STRING "AIOS 2020-11-11"
| #define PACKAGE_BUGREPORT "admin@labseni.com"
| #define PACKAGE_URL ""
| #define PACKAGE "aios"
| #define VERSION "2020-11-11"
| /* end confdefs.h.  */
| #include <ac_nonexistent.h>
configure:7783: result: gcc -E
configure:7803: gcc -E  conftest.c
configure:7803: $? = 0
configure:7817: gcc -E  conftest.c
conftest.c:11:10: fatal error: ac_nonexistent.h: No such file or directory
   11 | #include <ac_nonexistent.h>
      |          ^~~~~~~~~~~~~~~~~~
compilation terminated.
configure:7817: $? = 1
configure: failed program was:
| /* confdefs.h */
| #define PACKAGE_NAME "AIOS"
| #define PACKAGE_TARNAME "aios"
| #define PACKAGE_VERSION "2020-11-11"
| #define PACKAGE_STRING "AIOS 2020-11-11"
| #define PACKAGE_BUGREPORT "admin@labseni.com"
| #define PACKAGE_URL ""
| #define PACKAGE "aios"
| #define VERSION "2020-11-11"
| /* end confdefs.h.  */
| #include <ac_nonexistent.h>
configure:7846: checking for ANSI C header files
configure:7866: gcc -c -g -O2  conftest.c >&5
configure:7866: $? = 0
configure:7939: gcc -o conftest -g -O2   conftest.c  >&5
configure:7939: $? = 0
configure:7939: ./conftest
configure:7939: $? = 0
configure:7950: result: yes
configure:7963: checking for sys/types.h
configure:7963: gcc -c -g -O2  conftest.c >&5
configure:7963: $? = 0
configure:7963: result: yes
configure:7963: checking for sys/stat.h
configure:7963: gcc -c -g -O2  conftest.c >&5
configure:7963: $? = 0
configure:7963: result: yes
configure:7963: checking for stdlib.h
configure:7963: gcc -c -g -O2  conftest.c >&5
configure:7963: $? = 0
configure:7963: result: yes
configure:7963: checking for string.h
configure:7963: gcc -c -g -O2  conftest.c >&5
configure:7963: $? = 0
configure:7963: result: yes
configure:7963: checking for memory.h
configure:7963: gcc -c -g -O2  conftest.c >&5
configure:7963: $? = 0
configure:7963: result: yes
configure:7963: checking for strings.h
configure:7963: gcc -c -g -O2  conftest.c >&5
configure:7963: $? = 0
configure:7963: result: yes
configure:7963: checking for inttypes.h
configure:7963: gcc -c -g -O2  conftest.c >&5
configure:7963: $? = 0
configure:7963: result: yes
configure:7963: checking for stdint.h
configure:7963: gcc -c -g -O2  conftest.c >&5
configure:7963: $? = 0
configure:7963: result: yes
configure:7963: checking for unistd.h
configure:7963: gcc -c -g -O2  conftest.c >&5
configure:7963: $? = 0
configure:7963: result: yes
configure:7977: checking for dlfcn.h
configure:7977: gcc -c -g -O2  conftest.c >&5
configure:7977: $? = 0
configure:7977: result: yes
configure:8233: checking for objdir
configure:8248: result: .libs
configure:8512: checking if gcc supports -fno-rtti -fno-exceptions
configure:8530: gcc -c -g -O2  -fno-rtti -fno-exceptions conftest.c >&5
cc1: warning: command line option '-fno-rtti' is valid for C++/D/ObjC++ but not for C
configure:8534: $? = 0
configure:8547: result: no
configure:8911: checking for gcc option to produce PIC
configure:8918: result: -fPIC -DPIC
configure:8926: checking if gcc PIC flag -fPIC -DPIC works
configure:8944: gcc -c -g -O2  -fPIC -DPIC -DPIC conftest.c >&5
configure:8948: $? = 0
configure:8961: result: yes
configure:8990: checking if gcc static flag -static works
configure:9018: result: yes
configure:9033: checking if gcc supports -c -o file.o
configure:9054: gcc -c -g -O2  -o out/conftest2.o conftest.c >&5
configure:9058: $? = 0
configure:9080: result: yes
configure:9088: checking if gcc supports -c -o file.o
configure:9135: result: yes
configure:9168: checking whether the gcc linker (/usr/bin/ld -m elf_x86_64) supports shared libraries
configure:10431: result: yes
configure:10468: checking whether -lc should be explicitly linked in
configure:10476: gcc -c -g -O2  conftest.c >&5
configure:10479: $? = 0
configure:10494: gcc -shared  -fPIC -DPIC conftest.o  -v -Wl,-soname -Wl,conftest -o conftest 2\>\&1 \| /usr/bin/grep  -lc  \>/dev/null 2\>\&1
configure:10497: $? = 0
configure:10511: result: no
configure:10671: checking dynamic linker characteristics
configure:11252: gcc -o conftest -g -O2   -Wl,-rpath -Wl,/foo conftest.c  >&5
configure:11252: $? = 0
configure:11501: result: GNU/Linux ld.so
configure:11623: checking how to hardcode library paths into programs
configure:11648: result: immediate
configure:12196: checking whether stripping libraries is possible
configure:12201: result: yes
configure:12236: checking if libtool supports shared libraries
configure:12238: result: yes
configure:12241: checking whether to build shared libraries
configure:12266: result: yes
configure:12269: checking whether to build static libraries
configure:12273: result: yes
configure:9139: checking for gcc
configure:9166: result: gcc
configure:9395: checking for C compiler version
configure:9404: gcc --version >&5
gcc (Ubuntu 9.3.0-17ubuntu1~20.04) 9.3.0
Copyright (C) 2019 Free Software Foundation, Inc.
This is free software; see the source for copying conditions.  There is NO
warranty; not even for MERCHANTABILITY or FITNESS FOR A PARTICULAR PURPOSE.

configure:9415: $? = 0
configure:9404: gcc -v >&5
Using built-in specs.
COLLECT_GCC=gcc
COLLECT_LTO_WRAPPER=/usr/lib/gcc/x86_64-linux-gnu/9/lto-wrapper
OFFLOAD_TARGET_NAMES=nvptx-none:hsa
OFFLOAD_TARGET_DEFAULT=1
Target: x86_64-linux-gnu
Configured with: ../src/configure -v --with-pkgversion='Ubuntu 9.3.0-17ubuntu1~20.04' --with-bugurl=file:///usr/share/doc/gcc-9/README.Bugs --enable-languages=c,ada,c++,go,brig,d,fortran,objc,obj-c++,gm2 --prefix=/usr --with-gcc-major-version-only --program-suffix=-9 --program-prefix=x86_64-linux-gnu- --enable-shared --enable-linker-build-id --libexecdir=/usr/lib --without-included-gettext --enable-threads=posix --libdir=/usr/lib --enable-nls --enable-clocale=gnu --enable-libstdcxx-debug --enable-libstdcxx-time=yes --with-default-libstdcxx-abi=new --enable-gnu-unique-object --disable-vtable-verify --enable-plugin --enable-default-pie --with-system-zlib --with-target-system-zlib=auto --enable-objc-gc=auto --enable-multiarch --disable-werror --with-arch-32=i686 --with-abi=m64 --with-multilib-list=m32,m64,mx32 --enable-multilib --with-tune=generic --enable-offload-targets=nvptx-none=/build/gcc-9-HskZEa/gcc-9-9.3.0/debian/tmp-nvptx/usr,hsa --without-cuda-driver --enable-checking=release --build=x86_64-linux-gnu --host=x86_64-linux-gnu --target=x86_64-linux-gnu
Thread model: posix
gcc version 9.3.0 (Ubuntu 9.3.0-17ubuntu1~20.04) 
configure:9415: $? = 0
configure:9404: gcc -V >&5
gcc: error: unrecognized command line option '-V'
gcc: fatal error: no input files
compilation terminated.
configure:9415: $? = 1
configure:9404: gcc -qversion >&5
gcc: error: unrecognized command line option '-qversion'; did you mean '--version'?
gcc: fatal error: no input files
compilation terminated.
configure:9415: $? = 1
configure:9419: checking whether we are using the GNU C compiler
configure:9447: result: yes
configure:9456: checking whether gcc accepts -g
configure:9517: result: yes
configure:9534: checking for gcc option to accept ISO C89
configure:9610: result: none needed
configure:9635: checking whether gcc understands -c and -o together
configure:9672: result: yes
configure:9691: checking dependency style of gcc
configure:9802: result: gcc3
configure:9817: checking for gcc option to accept ISO C99
configure:9966: gcc  -c -g -O2  conftest.c >&5
configure:9966: $? = 0
configure:9979: result: none needed
configure:10052: checking for g++
configure:10068: found /usr/bin/g++
configure:10079: result: g++
configure:10106: checking for C++ compiler version
configure:10115: g++ --version >&5
g++ (Ubuntu 9.3.0-17ubuntu1~20.04) 9.3.0
Copyright (C) 2019 Free Software Foundation, Inc.
This is free software; see the source for copying conditions.  There is NO
warranty; not even for MERCHANTABILITY or FITNESS FOR A PARTICULAR PURPOSE.

configure:10126: $? = 0
configure:10115: g++ -v >&5
Using built-in specs.
COLLECT_GCC=g++
COLLECT_LTO_WRAPPER=/usr/lib/gcc/x86_64-linux-gnu/9/lto-wrapper
OFFLOAD_TARGET_NAMES=nvptx-none:hsa
OFFLOAD_TARGET_DEFAULT=1
Target: x86_64-linux-gnu
Configured with: ../src/configure -v --with-pkgversion='Ubuntu 9.3.0-17ubuntu1~20.04' --with-bugurl=file:///usr/share/doc/gcc-9/README.Bugs --enable-languages=c,ada,c++,go,brig,d,fortran,objc,obj-c++,gm2 --prefix=/usr --with-gcc-major-version-only --program-suffix=-9 --program-prefix=x86_64-linux-gnu- --enable-shared --enable-linker-build-id --libexecdir=/usr/lib --without-included-gettext --enable-threads=posix --libdir=/usr/lib --enable-nls --enable-clocale=gnu --enable-libstdcxx-debug --enable-libstdcxx-time=yes --with-default-libstdcxx-abi=new --enable-gnu-unique-object --disable-vtable-verify --enable-plugin --enable-default-pie --with-system-zlib --with-target-system-zlib=auto --enable-objc-gc=auto --enable-multiarch --disable-werror --with-arch-32=i686 --with-abi=m64 --with-multilib-list=m32,m64,mx32 --enable-multilib --with-tune=generic --enable-offload-targets=nvptx-none=/build/gcc-9-HskZEa/gcc-9-9.3.0/debian/tmp-nvptx/usr,hsa --without-cuda-driver --enable-checking=release --build=x86_64-linux-gnu --host=x86_64-linux-gnu --target=x86_64-linux-gnu
Thread model: posix
gcc version 9.3.0 (Ubuntu 9.3.0-17ubuntu1~20.04) 
configure:10126: $? = 0
configure:10115: g++ -V >&5
g++: error: unrecognized command line option '-V'
g++: fatal error: no input files
compilation terminated.
configure:10126: $? = 1
configure:10115: g++ -qversion >&5
g++: error: unrecognized command line option '-qversion'; did you mean '--version'?
g++: fatal error: no input files
compilation terminated.
configure:10126: $? = 1
configure:10130: checking whether we are using the GNU C++ compiler
configure:10149: g++ -c   conftest.cpp >&5
configure:10149: $? = 0
configure:10158: result: yes
configure:10167: checking whether g++ accepts -g
configure:10187: g++ -c -g  conftest.cpp >&5
configure:10187: $? = 0
configure:10228: result: yes
configure:10253: checking dependency style of g++
configure:10364: result: gcc3
configure:10397: checking how to run the C++ preprocessor
configure:10424: g++ -E  conftest.cpp
configure:10424: $? = 0
configure:10438: g++ -E  conftest.cpp
conftest.cpp:23:10: fatal error: ac_nonexistent.h: No such file or directory
   23 | #include <ac_nonexistent.h>
      |          ^~~~~~~~~~~~~~~~~~
compilation terminated.
configure:10438: $? = 1
configure: failed program was:
| /* confdefs.h */
| #define PACKAGE_NAME "AIOS"
| #define PACKAGE_TARNAME "aios"
| #define PACKAGE_VERSION "2020-11-11"
| #define PACKAGE_STRING "AIOS 2020-11-11"
| #define PACKAGE_BUGREPORT "admin@labseni.com"
| #define PACKAGE_URL ""
| #define PACKAGE "aios"
| #define VERSION "2020-11-11"
| #define STDC_HEADERS 1
| #define HAVE_SYS_TYPES_H 1
| #define HAVE_SYS_STAT_H 1
| #define HAVE_STDLIB_H 1
| #define HAVE_STRING_H 1
| #define HAVE_MEMORY_H 1
| #define HAVE_STRINGS_H 1
| #define HAVE_INTTYPES_H 1
| #define HAVE_STDINT_H 1
| #define HAVE_UNISTD_H 1
| #define HAVE_DLFCN_H 1
| #define LT_OBJDIR ".libs/"
| /* end confdefs.h.  */
| #include <ac_nonexistent.h>
configure:10463: result: g++ -E
configure:10483: g++ -E  conftest.cpp
configure:10483: $? = 0
configure:10497: g++ -E  conftest.cpp
conftest.cpp:23:10: fatal error: ac_nonexistent.h: No such file or directory
   23 | #include <ac_nonexistent.h>
      |          ^~~~~~~~~~~~~~~~~~
compilation terminated.
configure:10497: $? = 1
configure: failed program was:
| /* confdefs.h */
| #define PACKAGE_NAME "AIOS"
| #define PACKAGE_TARNAME "aios"
| #define PACKAGE_VERSION "2020-11-11"
| #define PACKAGE_STRING "AIOS 2020-11-11"
| #define PACKAGE_BUGREPORT "admin@labseni.com"
| #define PACKAGE_URL ""
| #define PACKAGE "aios"
| #define VERSION "2020-11-11"
| #define STDC_HEADERS 1
| #define HAVE_SYS_TYPES_H 1
| #define HAVE_SYS_STAT_H 1
| #define HAVE_STDLIB_H 1
| #define HAVE_STRING_H 1
| #define HAVE_MEMORY_H 1
| #define HAVE_STRINGS_H 1
| #define HAVE_INTTYPES_H 1
| #define HAVE_STDINT_H 1
| #define HAVE_UNISTD_H 1
| #define HAVE_DLFCN_H 1
| #define LT_OBJDIR ".libs/"
| /* end confdefs.h.  */
| #include <ac_nonexistent.h>
configure:10659: checking for ld used by g++
configure:10726: result: /usr/bin/ld -m elf_x86_64
configure:10733: checking if the linker (/usr/bin/ld -m elf_x86_64) is GNU ld
configure:10748: result: yes
configure:10803: checking whether the g++ linker (/usr/bin/ld -m elf_x86_64) supports shared libraries
configure:11876: result: yes
configure:11912: g++ -c -g -O2  conftest.cpp >&5
configure:11915: $? = 0
configure:12396: checking for g++ option to produce PIC
configure:12403: result: -fPIC -DPIC
configure:12411: checking if g++ PIC flag -fPIC -DPIC works
configure:12429: g++ -c -g -O2  -fPIC -DPIC -DPIC conftest.cpp >&5
configure:12433: $? = 0
configure:12446: result: yes
configure:12469: checking if g++ static flag -static works
configure:12497: result: yes
configure:12509: checking if g++ supports -c -o file.o
configure:12530: g++ -c -g -O2  -o out/conftest2.o conftest.cpp >&5
configure:12534: $? = 0
configure:12556: result: yes
configure:12561: checking if g++ supports -c -o file.o
configure:12608: result: yes
configure:12638: checking whether the g++ linker (/usr/bin/ld -m elf_x86_64) supports shared libraries
configure:12681: result: yes
configure:12822: checking dynamic linker characteristics
configure:13579: result: GNU/Linux ld.so
configure:13644: checking how to hardcode library paths into programs
configure:13669: result: immediate
configure:12542: checking whether ln -s works
configure:12546: result: yes
configure:12553: checking for egrep
configure:12615: result: /usr/bin/grep -E
configure:12622: checking CFLAGS for gcc -fdiagnostics-show-option
configure:12649: gcc -c -g -O2  -pedantic -Werror  -fdiagnostics-show-option  conftest.c >&5
configure:12649: $? = 0
configure:12663: result: -fdiagnostics-show-option
configure:12676: : MORE_CFLAGS="$MORE_CFLAGS ${ac_res}"
configure:12679: $? = 0
configure:12686: checking CFLAGS for gcc -pipe
configure:12713: gcc -c -g -O2  -fdiagnostics-show-option -pedantic -Werror  -pipe  conftest.c >&5
configure:12713: $? = 0
configure:12727: result: -pipe
configure:12740: : MORE_CFLAGS="$MORE_CFLAGS ${ac_res}"
configure:12743: $? = 0
configure:12750: checking CFLAGS for gcc -Wall
configure:12777: gcc -c -g -O2  -fdiagnostics-show-option -pipe -pedantic -Werror  -Wall  conftest.c >&5
configure:12777: $? = 0
configure:12791: result: -Wall
configure:12804: : MORE_CFLAGS="$MORE_CFLAGS ${ac_res}"
configure:12807: $? = 0
configure:12814: checking CFLAGS for gcc -W
configure:12841: gcc -c -g -O2  -fdiagnostics-show-option -pipe -Wall -pedantic -Werror  -W  conftest.c >&5
configure:12841: $? = 0
configure:12855: result: -W
configure:12868: : MORE_CFLAGS="$MORE_CFLAGS ${ac_res}"
configure:12871: $? = 0
configure:12878: checking CFLAGS for gcc -Wextra
configure:12905: gcc -c -g -O2  -fdiagnostics-show-option -pipe -Wall -W -pedantic -Werror  -Wextra  conftest.c >&5
configure:12905: $? = 0
configure:12919: result: -Wextra
configure:12932: : MORE_CFLAGS="$MORE_CFLAGS ${ac_res}"
configure:12935: $? = 0
configure:12942: checking CFLAGS for gcc -Wformat
configure:12969: gcc -c -g -O2  -fdiagnostics-show-option -pipe -Wall -W -Wextra -pedantic -Werror  -Wformat  conftest.c >&5
configure:12969: $? = 0
configure:12983: result: -Wformat
configure:12996: : MORE_CFLAGS="$MORE_CFLAGS ${ac_res}"
configure:12999: $? = 0
configure:13006: checking CFLAGS for gcc -Wformat-security
configure:13033: gcc -c -g -O2  -fdiagnostics-show-option -pipe -Wall -W -Wextra -Wformat -pedantic -Werror  -Wformat-security  conftest.c >&5
configure:13033: $? = 0
configure:13047: result: -Wformat-security
configure:13060: : MORE_CFLAGS="$MORE_CFLAGS ${ac_res}"
configure:13063: $? = 0
configure:13070: checking CFLAGS for gcc -Wfatal-errors
configure:13097: gcc -c -g -O2  -fdiagnostics-show-option -pipe -Wall -W -Wextra -Wformat -Wformat-security -pedantic -Werror  -Wfatal-errors  conftest.c >&5
configure:13097: $? = 0
configure:13111: result: -Wfatal-errors
configure:13124: : MORE_CFLAGS="$MORE_CFLAGS ${ac_res}"
configure:13127: $? = 0
configure:13134: checking CFLAGS for gcc -Wcast-align
configure:13161: gcc -c -g -O2  -fdiagnostics-show-option -pipe -Wall -W -Wextra -Wformat -Wformat-security -Wfatal-errors -pedantic -Werror  -Wcast-align  conftest.c >&5
configure:13161: $? = 0
configure:13175: result: -Wcast-align
configure:13188: : MORE_CFLAGS="$MORE_CFLAGS ${ac_res}"
configure:13191: $? = 0
configure:13198: checking CFLAGS for gcc -Winline
configure:13225: gcc -c -g -O2  -fdiagnostics-show-option -pipe -Wall -W -Wextra -Wformat -Wformat-security -Wfatal-errors -Wcast-align -pedantic -Werror  -Winline  conftest.c >&5
configure:13225: $? = 0
configure:13239: result: -Winline
configure:13252: : MORE_CFLAGS="$MORE_CFLAGS ${ac_res}"
configure:13255: $? = 0
configure:13262: checking CFLAGS for gcc -fstack-protector
configure:13289: gcc -c -g -O2  -fdiagnostics-show-option -pipe -Wall -W -Wextra -Wformat -Wformat-security -Wfatal-errors -Wcast-align -Winline -pedantic -Werror  -fstack-protector  conftest.c >&5
configure:13289: $? = 0
configure:13303: result: -fstack-protector
configure:13316: : MORE_CFLAGS="$MORE_CFLAGS ${ac_res}"
configure:13319: $? = 0
configure:13326: checking CFLAGS for gcc -D_FORTIFY_SOURCE=2
configure:13353: gcc -c -g -O2  -pedantic -Werror  -D_FORTIFY_SOURCE=2  conftest.c >&5
configure:13353: $? = 0
configure:13367: result: -D_FORTIFY_SOURCE=2
configure:13380: : MORE_CPPFLAGS="$MORE_CPPFLAGS ${ac_res}"
configure:13383: $? = 0
configure:13390: checking CFLAGS for gcc -Wno-unused-parameter
configure:13417: gcc -c -g -O2  -fdiagnostics-show-option -pipe -Wall -W -Wextra -Wformat -Wformat-security -Wfatal-errors -Wcast-align -Winline -fstack-protector -pedantic -Werror  -Wno-unused-parameter  conftest.c >&5
configure:13417: $? = 0
configure:13431: result: -Wno-unused-parameter
configure:13444: : MORE_CFLAGS="$MORE_CFLAGS ${ac_res}"
configure:13447: $? = 0
configure:13454: checking CFLAGS for gcc -Wno-missing-field-initializers
configure:13481: gcc -c -g -O2  -fdiagnostics-show-option -pipe -Wall -W -Wextra -Wformat -Wformat-security -Wfatal-errors -Wcast-align -Winline -fstack-protector -Wno-unused-parameter -pedantic -Werror  -Wno-missing-field-initializers  conftest.c >&5
configure:13481: $? = 0
configure:13495: result: -Wno-missing-field-initializers
configure:13508: : MORE_CFLAGS="$MORE_CFLAGS ${ac_res}"
configure:13511: $? = 0
configure:13524: checking whether the linker accepts the -Wl,-z,relro flag
configure:13554: gcc -o conftest -g -O2    -Wl,-z,relro conftest.c  >&5
configure:13554: $? = 0
configure:13578: result: yes
configure:13593: checking whether the linker accepts the -Wl,-z,now flag
configure:13623: gcc -o conftest -g -O2    -Wl,-z,relro -Wl,-z,now conftest.c  >&5
configure:13623: $? = 0
configure:13647: result: yes
configure:13662: checking whether the linker accepts the -Wl,--push-state,--no-as-needed -lSegFault -Wl,--pop-state flag
configure:13692: gcc -o conftest -g -O2    -Wl,-z,relro -Wl,-z,now -Wl,--push-state,--no-as-needed -lSegFault -Wl,--pop-state conftest.c  >&5
configure:13692: $? = 0
configure:13716: result: yes
configure:13726: checking CFLAGS for gcc -D_GNU_SOURCE
configure:13753: gcc -c -g -O2  -D_FORTIFY_SOURCE=2 -pedantic -Werror  -D_GNU_SOURCE  conftest.c >&5
configure:13753: $? = 0
configure:13767: result: -D_GNU_SOURCE
configure:13780: : MORE_CPPFLAGS="$MORE_CPPFLAGS ${ac_res}"
configure:13783: $? = 0
configure:14127: checking for library containing curl_easy_setopt
configure:14158: gcc -o conftest -g -O2   conftest.c  >&5
/usr/bin/ld: /tmp/ccz501GS.o: in function `main':
/home/faoziaziz/dev/c-tester/aios/conftest.c:34: undefined reference to `curl_easy_setopt'
collect2: error: ld returned 1 exit status
configure:14158: $? = 1
configure: failed program was:
| /* confdefs.h */
| #define PACKAGE_NAME "AIOS"
| #define PACKAGE_TARNAME "aios"
| #define PACKAGE_VERSION "2020-11-11"
| #define PACKAGE_STRING "AIOS 2020-11-11"
| #define PACKAGE_BUGREPORT "admin@labseni.com"
| #define PACKAGE_URL ""
| #define PACKAGE "aios"
| #define VERSION "2020-11-11"
| #define STDC_HEADERS 1
| #define HAVE_SYS_TYPES_H 1
| #define HAVE_SYS_STAT_H 1
| #define HAVE_STDLIB_H 1
| #define HAVE_STRING_H 1
| #define HAVE_MEMORY_H 1
| #define HAVE_STRINGS_H 1
| #define HAVE_INTTYPES_H 1
| #define HAVE_STDINT_H 1
| #define HAVE_UNISTD_H 1
| #define HAVE_DLFCN_H 1
| #define LT_OBJDIR ".libs/"
| /* end confdefs.h.  */
| 
| /* Override any GCC internal prototype to avoid an error.
|    Use char because int might match the return type of a GCC
|    builtin and then its argument prototype would still apply.  */
| #ifdef __cplusplus
| extern "C"
| #endif
| char curl_easy_setopt ();
| int
| main ()
| {
| return curl_easy_setopt ();
|   ;
|   return 0;
| }
configure:14158: gcc -o conftest -g -O2   conftest.c -lcurl   >&5
configure:14158: $? = 0
configure:14175: result: -lcurl
configure:14188: checking for library containing pthread_join
configure:14219: gcc -o conftest -g -O2   conftest.c -lcurl  >&5
/usr/bin/ld: /tmp/cc9Opo4J.o: in function `main':
/home/faoziaziz/dev/c-tester/aios/conftest.c:34: undefined reference to `pthread_join'
collect2: error: ld returned 1 exit status
configure:14219: $? = 1
configure: failed program was:
| /* confdefs.h */
| #define PACKAGE_NAME "AIOS"
| #define PACKAGE_TARNAME "aios"
| #define PACKAGE_VERSION "2020-11-11"
| #define PACKAGE_STRING "AIOS 2020-11-11"
| #define PACKAGE_BUGREPORT "admin@labseni.com"
| #define PACKAGE_URL ""
| #define PACKAGE "aios"
| #define VERSION "2020-11-11"
| #define STDC_HEADERS 1
| #define HAVE_SYS_TYPES_H 1
| #define HAVE_SYS_STAT_H 1
| #define HAVE_STDLIB_H 1
| #define HAVE_STRING_H 1
| #define HAVE_MEMORY_H 1
| #define HAVE_STRINGS_H 1
| #define HAVE_INTTYPES_H 1
| #define HAVE_STDINT_H 1
| #define HAVE_UNISTD_H 1
| #define HAVE_DLFCN_H 1
| #define LT_OBJDIR ".libs/"
| /* end confdefs.h.  */
| 
| /* Override any GCC internal prototype to avoid an error.
|    Use char because int might match the return type of a GCC
|    builtin and then its argument prototype would still apply.  */
| #ifdef __cplusplus
| extern "C"
| #endif
| char pthread_join ();
| int
| main ()
| {
| return pthread_join ();
|   ;
|   return 0;
| }
configure:14219: gcc -o conftest -g -O2   conftest.c -lpthread  -lcurl  >&5
configure:14219: $? = 0
configure:14236: result: -lpthread
configure:14249: checking for library containing sqlite3_libversion
configure:14280: gcc -o conftest -g -O2   conftest.c -lpthread -lcurl  >&5
/usr/bin/ld: /tmp/ccAxTJJx.o: in function `main':
/home/faoziaziz/dev/c-tester/aios/conftest.c:34: undefined reference to `sqlite3_libversion'
collect2: error: ld returned 1 exit status
configure:14280: $? = 1
configure: failed program was:
| /* confdefs.h */
| #define PACKAGE_NAME "AIOS"
| #define PACKAGE_TARNAME "aios"
| #define PACKAGE_VERSION "2020-11-11"
| #define PACKAGE_STRING "AIOS 2020-11-11"
| #define PACKAGE_BUGREPORT "admin@labseni.com"
| #define PACKAGE_URL ""
| #define PACKAGE "aios"
| #define VERSION "2020-11-11"
| #define STDC_HEADERS 1
| #define HAVE_SYS_TYPES_H 1
| #define HAVE_SYS_STAT_H 1
| #define HAVE_STDLIB_H 1
| #define HAVE_STRING_H 1
| #define HAVE_MEMORY_H 1
| #define HAVE_STRINGS_H 1
| #define HAVE_INTTYPES_H 1
| #define HAVE_STDINT_H 1
| #define HAVE_UNISTD_H 1
| #define HAVE_DLFCN_H 1
| #define LT_OBJDIR ".libs/"
| /* end confdefs.h.  */
| 
| /* Override any GCC internal prototype to avoid an error.
|    Use char because int might match the return type of a GCC
|    builtin and then its argument prototype would still apply.  */
| #ifdef __cplusplus
| extern "C"
| #endif
| char sqlite3_libversion ();
| int
| main ()
| {
| return sqlite3_libversion ();
|   ;
|   return 0;
| }
configure:14280: gcc -o conftest -g -O2   conftest.c -lsqlite3  -lpthread -lcurl  >&5
configure:14280: $? = 0
configure:14297: result: -lsqlite3
configure:14367: checking for pkg-config
configure:14385: found /usr/bin/pkg-config
configure:14397: result: /usr/bin/pkg-config
configure:14422: checking pkg-config is at least version 0.9.0
configure:14425: result: yes
configure:14435: checking for JANSSON
configure:14442: $PKG_CONFIG --exists --print-errors "jansson >= 2.1"
configure:14445: $? = 0
configure:14459: $PKG_CONFIG --exists --print-errors "jansson >= 2.1"
configure:14462: $? = 0
configure:14520: result: yes
configure:14707: checking that generated files are newer than configure
configure:14713: result: done
configure:14748: creating ./config.status

## ---------------- ##
## Cache variables. ##
## ---------------- ##

ac_cv_build=x86_64-pc-linux-gnu
ac_cv_c_compiler_gnu=yes
ac_cv_cflags_gcc_option__D_FORTIFY_SOURCE_2=-D_FORTIFY_SOURCE=2
ac_cv_cflags_gcc_option__D_GNU_SOURCE=-D_GNU_SOURCE
ac_cv_cflags_gcc_option__W=-W
ac_cv_cflags_gcc_option__Wall=-Wall
ac_cv_cflags_gcc_option__Wcast_align=-Wcast-align
ac_cv_cflags_gcc_option__Wextra=-Wextra
ac_cv_cflags_gcc_option__Wfatal_errors=-Wfatal-errors
ac_cv_cflags_gcc_option__Wformat=-Wformat
ac_cv_cflags_gcc_option__Wformat_security=-Wformat-security
ac_cv_cflags_gcc_option__Winline=-Winline
ac_cv_cflags_gcc_option__Wno_missing_field_initializers=-Wno-missing-field-initializers
ac_cv_cflags_gcc_option__Wno_unused_parameter=-Wno-unused-parameter
ac_cv_cflags_gcc_option__fdiagnostics_show_option=-fdiagnostics-show-option
ac_cv_cflags_gcc_option__fstack_protector=-fstack-protector
ac_cv_cflags_gcc_option__pipe=-pipe
ac_cv_cxx_compiler_gnu=yes
ac_cv_env_CCC_set=
ac_cv_env_CCC_value=
ac_cv_env_CC_set=
ac_cv_env_CC_value=
ac_cv_env_CFLAGS_set=
ac_cv_env_CFLAGS_value=
ac_cv_env_CPPFLAGS_set=
ac_cv_env_CPPFLAGS_value=
ac_cv_env_CPP_set=
ac_cv_env_CPP_value=
ac_cv_env_CXXCPP_set=
ac_cv_env_CXXCPP_value=
ac_cv_env_CXXFLAGS_set=
ac_cv_env_CXXFLAGS_value=
ac_cv_env_CXX_set=
ac_cv_env_CXX_value=
ac_cv_env_JANSSON_CFLAGS_set=
ac_cv_env_JANSSON_CFLAGS_value=
ac_cv_env_JANSSON_LIBS_set=
ac_cv_env_JANSSON_LIBS_value=
ac_cv_env_LDFLAGS_set=
ac_cv_env_LDFLAGS_value=
ac_cv_env_LIBS_set=
ac_cv_env_LIBS_value=
ac_cv_env_LT_SYS_LIBRARY_PATH_set=
ac_cv_env_LT_SYS_LIBRARY_PATH_value=
ac_cv_env_PKG_CONFIG_LIBDIR_set=
ac_cv_env_PKG_CONFIG_LIBDIR_value=
ac_cv_env_PKG_CONFIG_PATH_set=
ac_cv_env_PKG_CONFIG_PATH_value=
ac_cv_env_PKG_CONFIG_set=
ac_cv_env_PKG_CONFIG_value=
ac_cv_env_build_alias_set=
ac_cv_env_build_alias_value=
ac_cv_env_host_alias_set=
ac_cv_env_host_alias_value=
ac_cv_env_target_alias_set=
ac_cv_env_target_alias_value=
ac_cv_header_dlfcn_h=yes
ac_cv_header_inttypes_h=yes
ac_cv_header_memory_h=yes
ac_cv_header_stdc=yes
ac_cv_header_stdint_h=yes
ac_cv_header_stdlib_h=yes
ac_cv_header_string_h=yes
ac_cv_header_strings_h=yes
ac_cv_header_sys_stat_h=yes
ac_cv_header_sys_types_h=yes
ac_cv_header_unistd_h=yes
ac_cv_host=x86_64-pc-linux-gnu
ac_cv_objext=o
ac_cv_path_EGREP='/usr/bin/grep -E'
ac_cv_path_FGREP='/usr/bin/grep -F'
ac_cv_path_GREP=/usr/bin/grep
ac_cv_path_SED=/usr/bin/sed
ac_cv_path_ac_pt_PKG_CONFIG=/usr/bin/pkg-config
ac_cv_path_install='/usr/bin/install -c'
ac_cv_path_lt_DD=/usr/bin/dd
ac_cv_path_mkdir=/usr/bin/mkdir
ac_cv_prog_AWK=mawk
ac_cv_prog_CPP='gcc -E'
ac_cv_prog_CXXCPP='g++ -E'
ac_cv_prog_ac_ct_AR=ar
ac_cv_prog_ac_ct_CC=gcc
ac_cv_prog_ac_ct_CXX=g++
ac_cv_prog_ac_ct_MANIFEST_TOOL=mt
ac_cv_prog_ac_ct_OBJDUMP=objdump
ac_cv_prog_ac_ct_RANLIB=ranlib
ac_cv_prog_ac_ct_STRIP=strip
ac_cv_prog_cc_c89=
ac_cv_prog_cc_c99=
ac_cv_prog_cc_g=yes
ac_cv_prog_cxx_g=yes
ac_cv_prog_make_make_set=yes
ac_cv_search_curl_easy_setopt=-lcurl
ac_cv_search_pthread_join=-lpthread
ac_cv_search_sqlite3_libversion=-lsqlite3
am_cv_CC_dependencies_compiler_type=gcc3
am_cv_CXX_dependencies_compiler_type=gcc3
am_cv_ar_interface=ar
am_cv_make_support_nested_variables=yes
am_cv_prog_cc_c_o=yes
am_cv_prog_tar_ustar=gnutar
ax_cv_ld_check_flag__Wl___push_state___no_as_needed__lSegFault__Wl___pop_state=yes
ax_cv_ld_check_flag__Wl__z_now=yes
ax_cv_ld_check_flag__Wl__z_relro=yes
lt_cv_ar_at_file=@
lt_cv_archive_cmds_need_lc=no
lt_cv_deplibs_check_method=pass_all
lt_cv_file_magic_cmd='$MAGIC_CMD'
lt_cv_file_magic_test_file=
lt_cv_ld_reload_flag=-r
lt_cv_nm_interface='BSD nm'
lt_cv_objdir=.libs
lt_cv_path_LD=/usr/bin/ld
lt_cv_path_LDCXX='/usr/bin/ld -m elf_x86_64'
lt_cv_path_NM='/usr/bin/nm -B'
lt_cv_path_mainfest_tool=no
lt_cv_prog_compiler_c_o=yes
lt_cv_prog_compiler_c_o_CXX=yes
lt_cv_prog_compiler_pic='-fPIC -DPIC'
lt_cv_prog_compiler_pic_CXX='-fPIC -DPIC'
lt_cv_prog_compiler_pic_works=yes
lt_cv_prog_compiler_pic_works_CXX=yes
lt_cv_prog_compiler_rtti_exceptions=no
lt_cv_prog_compiler_static_works=yes
lt_cv_prog_compiler_static_works_CXX=yes
lt_cv_prog_gnu_ld=yes
lt_cv_prog_gnu_ldcxx=yes
lt_cv_sharedlib_from_linklib_cmd='printf %s\n'
lt_cv_shlibpath_overrides_runpath=yes
lt_cv_sys_global_symbol_pipe='sed -n -e '\''s/^.*[	 ]\([ABCDGIRSTW][ABCDGIRSTW]*\)[	 ][	 ]*\([_A-Za-z][_A-Za-z0-9]*\)$/\1 \2 \2/p'\'' | sed '\''/ __gnu_lto/d'\'''
lt_cv_sys_global_symbol_to_c_name_address='sed -n -e '\''s/^: \(.*\) .*$/  {"\1", (void *) 0},/p'\'' -e '\''s/^[ABCDGIRSTW][ABCDGIRSTW]* .* \(.*\)$/  {"\1", (void *) \&\1},/p'\'''
lt_cv_sys_global_symbol_to_c_name_address_lib_prefix='sed -n -e '\''s/^: \(.*\) .*$/  {"\1", (void *) 0},/p'\'' -e '\''s/^[ABCDGIRSTW][ABCDGIRSTW]* .* \(lib.*\)$/  {"\1", (void *) \&\1},/p'\'' -e '\''s/^[ABCDGIRSTW][ABCDGIRSTW]* .* \(.*\)$/  {"lib\1", (void *) \&\1},/p'\'''
lt_cv_sys_global_symbol_to_cdecl='sed -n -e '\''s/^T .* \(.*\)$/extern int \1();/p'\'' -e '\''s/^[ABCDGIRSTW][ABCDGIRSTW]* .* \(.*\)$/extern char \1;/p'\'''
lt_cv_sys_global_symbol_to_import=
lt_cv_sys_max_cmd_len=1572864
lt_cv_to_host_file_cmd=func_convert_file_noop
lt_cv_to_tool_file_cmd=func_convert_file_noop
lt_cv_truncate_bin='/usr/bin/dd bs=4096 count=1'
pkg_cv_JANSSON_CFLAGS='-I/usr/local/include '
pkg_cv_JANSSON_LIBS='-L/usr/local/lib -ljansson '

## ----------------- ##
## Output variables. ##
## ----------------- ##

ACLOCAL='${SHELL} /home/faoziaziz/dev/c-tester/aios/missing aclocal-1.16'
AMDEPBACKSLASH='\'
AMDEP_FALSE='#'
AMDEP_TRUE=''
AMTAR='$${TAR-tar}'
AM_BACKSLASH='\'
AM_DEFAULT_V='$(AM_DEFAULT_VERBOSITY)'
AM_DEFAULT_VERBOSITY='0'
AM_V='$(V)'
AR='ar'
AUTOCONF='${SHELL} /home/faoziaziz/dev/c-tester/aios/missing autoconf'
AUTOHEADER='${SHELL} /home/faoziaziz/dev/c-tester/aios/missing autoheader'
AUTOMAKE='${SHELL} /home/faoziaziz/dev/c-tester/aios/missing automake-1.16'
AWK='mawk'
CC='gcc'
CCDEPMODE='depmode=gcc3'
CFLAGS='-g -O2'
CPP='gcc -E'
CPPFLAGS=''
CXX='g++'
CXXCPP='g++ -E'
CXXDEPMODE='depmode=gcc3'
CXXFLAGS='-g -O2'
CYGPATH_W='echo'
DEFS='-DHAVE_CONFIG_H'
DEPDIR='.deps'
DLLTOOL='false'
DSYMUTIL=''
DUMPBIN=''
ECHO_C=''
ECHO_N='-n'
ECHO_T=''
EGREP='/usr/bin/grep -E'
EXEEXT=''
FGREP='/usr/bin/grep -F'
GREP='/usr/bin/grep'
INSTALL_DATA='${INSTALL} -m 644'
INSTALL_PROGRAM='${INSTALL}'
INSTALL_SCRIPT='${INSTALL}'
INSTALL_STRIP_PROGRAM='$(install_sh) -c -s'
JANSSON_CFLAGS='-I/usr/local/include '
JANSSON_LIBS='-L/usr/local/lib -ljansson '
LD='/usr/bin/ld -m elf_x86_64'
LDFLAGS=''
LIBOBJS=''
LIBS='-lsqlite3 -lpthread -lcurl '
LIBTOOL='$(SHELL) $(top_builddir)/libtool'
LIPO=''
LN_S='ln -s'
LTLIBOBJS=''
LT_SYS_LIBRARY_PATH=''
MAINT='#'
MAINTAINER_MODE_FALSE=''
MAINTAINER_MODE_TRUE='#'
MAKEINFO='${SHELL} /home/faoziaziz/dev/c-tester/aios/missing makeinfo'
MANIFEST_TOOL=':'
MKDIR_P='/usr/bin/mkdir -p'
MORE_CFLAGS=' -fdiagnostics-show-option -pipe -Wall -W -Wextra -Wformat -Wformat-security -Wfatal-errors -Wcast-align -Winline -fstack-protector -Wno-unused-parameter -Wno-missing-field-initializers'
MORE_CPPFLAGS=' -D_FORTIFY_SOURCE=2 -D_GNU_SOURCE'
MORE_LDFLAGS=' -Wl,-z,relro -Wl,-z,now -Wl,--push-state,--no-as-needed -lSegFault -Wl,--pop-state'
NM='/usr/bin/nm -B'
NMEDIT=''
OBJDUMP='objdump'
OBJEXT='o'
OTOOL64=''
OTOOL=''
PACKAGE='aios'
PACKAGE_BUGREPORT='admin@labseni.com'
PACKAGE_NAME='AIOS'
PACKAGE_STRING='AIOS 2020-11-11'
PACKAGE_TARNAME='aios'
PACKAGE_URL=''
PACKAGE_VERSION='2020-11-11'
PATH_SEPARATOR=':'
PKG_CONFIG='/usr/bin/pkg-config'
PKG_CONFIG_LIBDIR=''
PKG_CONFIG_PATH=''
RANLIB='ranlib'
SED='/usr/bin/sed'
SET_MAKE=''
SHELL='/bin/bash'
STRIP='strip'
VERSION='2020-11-11'
ac_ct_AR='ar'
ac_ct_CC='gcc'
ac_ct_CXX='g++'
ac_ct_DUMPBIN=''
am__EXEEXT_FALSE=''
am__EXEEXT_TRUE='#'
am__fastdepCC_FALSE='#'
am__fastdepCC_TRUE=''
am__fastdepCXX_FALSE='#'
am__fastdepCXX_TRUE=''
am__include='include'
am__isrc=''
am__leading_dot='.'
am__nodep='_no'
am__quote=''
am__tar='tar --format=ustar -chf - "$$tardir"'
am__untar='tar -xf -'
bindir='${exec_prefix}/bin'
build='x86_64-pc-linux-gnu'
build_alias=''
build_cpu='x86_64'
build_os='linux-gnu'
build_vendor='pc'
datadir='${datarootdir}'
datarootdir='${prefix}/share'
docdir='${datarootdir}/doc/${PACKAGE_TARNAME}'
dvidir='${docdir}'
exec_prefix='${prefix}'
host='x86_64-pc-linux-gnu'
host_alias=''
host_cpu='x86_64'
host_os='linux-gnu'
host_vendor='pc'
htmldir='${docdir}'
includedir='${prefix}/include'
infodir='${datarootdir}/info'
install_sh='${SHELL} /home/faoziaziz/dev/c-tester/aios/install-sh'
libdir='${exec_prefix}/lib'
libexecdir='${exec_prefix}/libexec'
localedir='${datarootdir}/locale'
localstatedir='${prefix}/var'
mandir='${datarootdir}/man'
mkdir_p='$(MKDIR_P)'
oldincludedir='/usr/include'
pdfdir='${docdir}'
prefix='/usr/local'
program_transform_name='s,x,x,'
psdir='${docdir}'
runstatedir='${localstatedir}/run'
sbindir='${exec_prefix}/sbin'
sharedstatedir='${prefix}/com'
sysconfdir='${prefix}/etc'
target_alias=''

## ----------- ##
## confdefs.h. ##
## ----------- ##

/* confdefs.h */
#define PACKAGE_NAME "AIOS"
#define PACKAGE_TARNAME "aios"
#define PACKAGE_VERSION "2020-11-11"
#define PACKAGE_STRING "AIOS 2020-11-11"
#define PACKAGE_BUGREPORT "admin@labseni.com"
#define PACKAGE_URL ""
#define PACKAGE "aios"
#define VERSION "2020-11-11"
#define STDC_HEADERS 1
#define HAVE_SYS_TYPES_H 1
#define HAVE_SYS_STAT_H 1
#define HAVE_STDLIB_H 1
#define HAVE_STRING_H 1
#define HAVE_MEMORY_H 1
#define HAVE_STRINGS_H 1
#define HAVE_INTTYPES_H 1
#define HAVE_STDINT_H 1
#define HAVE_UNISTD_H 1
#define HAVE_DLFCN_H 1
#define LT_OBJDIR ".libs/"

configure: exit 0

## ---------------------- ##
## Running config.status. ##
## ---------------------- ##

This file was extended by AIOS config.status 2020-11-11, which was
generated by GNU Autoconf 2.69.  Invocation command line was

  CONFIG_FILES    = 
  CONFIG_HEADERS  = 
  CONFIG_LINKS    = 
  CONFIG_COMMANDS = 
  $ ./config.status 

on faozi.tech

config.status:1156: creating Makefile
config.status:1156: creating src/Makefile
config.status:1156: creating config.h
config.status:1337: config.h is unchanged
config.status:1385: executing depfiles commands
config.status:1462: cd src       && sed -e '/# am--include-marker/d' Makefile         | make -f - am--depfiles
make[1]: Entering directory '/home/faoziaziz/dev/c-tester/aios/src'
make[1]: Nothing to be done for 'am--depfiles'.
make[1]: Leaving directory '/home/faoziaziz/dev/c-tester/aios/src'
config.status:1467: $? = 0
config.status:1385: executing libtool commands
